<?xml version="1.0" encoding="UTF-8"?>
<testng-results skipped="0" failed="0" total="2" passed="2">
  <reporter-output>
  </reporter-output>
  <suite name="Default suite" duration-ms="20985" started-at="2016-07-08T11:57:20Z" finished-at="2016-07-08T11:57:41Z">
    <groups>
    </groups>
    <test name="Default test" duration-ms="20985" started-at="2016-07-08T11:57:20Z" finished-at="2016-07-08T11:57:41Z">
      <class name="com.epam.tests.GmailTest">
        <test-method status="PASS" signature="loginTest()[pri:0, instance:com.epam.tests.GmailTest@16e1eff]" name="loginTest" duration-ms="2360" started-at="2016-07-08T14:57:20Z" finished-at="2016-07-08T14:57:23Z">
          <reporter-output>
          </reporter-output>
        </test-method> <!-- loginTest -->
        <test-method status="PASS" signature="composeTest()[pri:1, instance:com.epam.tests.GmailTest@16e1eff]" name="composeTest" duration-ms="18572" started-at="2016-07-08T14:57:23Z" finished-at="2016-07-08T14:57:41Z">
          <reporter-output>
          </reporter-output>
        </test-method> <!-- composeTest -->
      </class> <!-- com.epam.tests.GmailTest -->
    </test> <!-- Default test -->
  </suite> <!-- Default suite -->
</testng-results>
